
=== Mon Oct 14 21:37:47 2019

Packages were changed.
Update Mode: updateDependencies

The following packages were updated:
  com.unity.ide.vscode from version 1.1.0 to 1.1.2

=== Wed Dec 11 22:32:13 2019

Packages were changed.
Update Mode: updateDependencies

The following packages were updated:
  com.unity.ide.vscode from version 1.1.2 to 1.1.3
  com.unity.render-pipelines.lightweight from version 7.1.2 to 7.1.5
  com.unity.test-framework from version 1.1.2 to 1.1.3
  com.unity.timeline from version 1.2.2 to 1.2.6

=== Mon Jan 13 22:31:06 2020

Packages were changed.
Update Mode: updateDependencies

The following packages were updated:
  com.unity.analytics from version 3.3.2 to 3.3.4
  com.unity.render-pipelines.lightweight from version 7.1.6 to 7.1.7
  com.unity.test-framework from version 1.1.3 to 1.1.9
  com.unity.timeline from version 1.2.6 to 1.2.9

=== Wed Jan 29 00:00:06 2020

Packages were changed.
Update Mode: updateDependencies

The following packages were updated:
  com.unity.render-pipelines.lightweight from version 7.1.7 to 7.1.8
  com.unity.timeline from version 1.2.9 to 1.2.10

=== Sun Feb 23 10:50:25 2020

Packages were changed.
Update Mode: updateDependencies

The following packages were updated:
  com.unity.ide.vscode from version 1.1.3 to 1.1.4
  com.unity.test-framework from version 1.1.9 to 1.1.11

=== Tue Mar 10 22:54:05 2020

Packages were changed.
Update Mode: updateDependencies

The following packages were updated:
  com.unity.ide.vscode from version 1.1.3 to 1.1.4
